2022-05-18 03:06:28 [INFO    ] (autoreload.run_with_reloader) Watching for file changes with StatReloader
2022-05-18 03:06:28 [INFO    ] (autoreload.run_with_reloader) Watching for file changes with StatReloader
2022-05-18 03:07:15 [INFO    ] (autoreload.run_with_reloader) Watching for file changes with StatReloader
2022-05-18 03:07:15 [INFO    ] (autoreload.run_with_reloader) Watching for file changes with StatReloader
2022-05-18 03:10:10 [INFO    ] (autoreload.trigger_reload) /Volumes/D/Django-project/supervision-office-django/app/modelCore/migrations/0012_alter_product_name.py changed, reloading.
2022-05-18 03:10:10 [INFO    ] (autoreload.trigger_reload) /Volumes/D/Django-project/supervision-office-django/app/modelCore/migrations/0012_alter_product_name.py changed, reloading.
2022-05-18 03:10:10 [INFO    ] (autoreload.run_with_reloader) Watching for file changes with StatReloader
2022-05-18 03:10:10 [INFO    ] (autoreload.run_with_reloader) Watching for file changes with StatReloader
2022-05-18 03:10:16 [INFO    ] (basehttp.log_message) "GET /backboard/orders HTTP/1.1" 200 17700
2022-05-18 03:10:16 [INFO    ] (basehttp.log_message) "GET /backboard/orders HTTP/1.1" 200 17700
2022-05-18 03:10:18 [INFO    ] (basehttp.log_message) "GET /backboard/products HTTP/1.1" 200 24250
2022-05-18 03:10:18 [INFO    ] (basehttp.log_message) "GET /backboard/products HTTP/1.1" 200 24250
2022-05-18 03:36:14 [INFO    ] (basehttp.log_message) "GET /admin/modelCore/productimage/ HTTP/1.1" 200 11205
2022-05-18 03:36:14 [INFO    ] (basehttp.log_message) "GET /admin/modelCore/productimage/ HTTP/1.1" 200 11205
2022-05-18 03:36:14 [INFO    ] (basehttp.log_message) "GET /admin/jsi18n/ HTTP/1.1" 200 3343
2022-05-18 03:36:14 [INFO    ] (basehttp.log_message) "GET /admin/jsi18n/ HTTP/1.1" 200 3343
2022-05-18 03:36:39 [INFO    ] (basehttp.log_message) "GET /backboard/bills HTTP/1.1" 200 12385
2022-05-18 03:36:39 [INFO    ] (basehttp.log_message) "GET /backboard/bills HTTP/1.1" 200 12385
2022-05-18 03:37:31 [INFO    ] (basehttp.log_message) "GET /backboard/orders HTTP/1.1" 200 17700
2022-05-18 03:37:31 [INFO    ] (basehttp.log_message) "GET /backboard/orders HTTP/1.1" 200 17700
2022-05-18 03:37:38 [INFO    ] (basehttp.log_message) "GET /backboard/order_detail?IdOrder=1 HTTP/1.1" 200 22333
2022-05-18 03:37:38 [INFO    ] (basehttp.log_message) "GET /backboard/order_detail?IdOrder=1 HTTP/1.1" 200 22333
2022-05-18 03:37:42 [INFO    ] (basehttp.log_message) "POST /backboard/order_detail?IdOrder=1 HTTP/1.1" 302 0
2022-05-18 03:37:42 [INFO    ] (basehttp.log_message) "POST /backboard/order_detail?IdOrder=1 HTTP/1.1" 302 0
2022-05-18 03:37:42 [INFO    ] (basehttp.handle_error) - Broken pipe from ('127.0.0.1', 55496)

2022-05-18 03:37:42 [INFO    ] (basehttp.handle_error) - Broken pipe from ('127.0.0.1', 55496)

2022-05-18 03:37:42 [INFO    ] (basehttp.log_message) "GET /backboard/orders HTTP/1.1" 200 17700
2022-05-18 03:37:42 [INFO    ] (basehttp.log_message) "GET /backboard/orders HTTP/1.1" 200 17700
2022-05-18 03:37:52 [INFO    ] (basehttp.log_message) "GET /backboard/bills HTTP/1.1" 200 12385
2022-05-18 03:37:52 [INFO    ] (basehttp.log_message) "GET /backboard/bills HTTP/1.1" 200 12385
2022-05-18 03:40:00 [INFO    ] (basehttp.log_message) "GET /admin/modelCore/order/ HTTP/1.1" 200 11494
2022-05-18 03:40:00 [INFO    ] (basehttp.log_message) "GET /admin/modelCore/order/ HTTP/1.1" 200 11494
2022-05-18 03:40:00 [INFO    ] (basehttp.log_message) "GET /admin/jsi18n/ HTTP/1.1" 200 3343
2022-05-18 03:40:00 [INFO    ] (basehttp.log_message) "GET /admin/jsi18n/ HTTP/1.1" 200 3343
2022-05-18 03:40:18 [INFO    ] (basehttp.log_message) "GET /admin/modelCore/order/3/change/ HTTP/1.1" 200 19824
2022-05-18 03:40:18 [INFO    ] (basehttp.log_message) "GET /admin/modelCore/order/3/change/ HTTP/1.1" 200 19824
2022-05-18 03:40:18 [INFO    ] (basehttp.log_message) "GET /admin/jsi18n/ HTTP/1.1" 200 3343
2022-05-18 03:40:18 [INFO    ] (basehttp.log_message) "GET /admin/jsi18n/ HTTP/1.1" 200 3343
2022-05-18 03:40:18 [INFO    ] (basehttp.log_message) "GET /static/admin/js/calendar.js HTTP/1.1" 200 8466
2022-05-18 03:40:18 [INFO    ] (basehttp.log_message) "GET /static/admin/js/calendar.js HTTP/1.1" 200 8466
2022-05-18 03:40:18 [INFO    ] (basehttp.log_message) "GET /static/admin/css/forms.css HTTP/1.1" 200 8878
2022-05-18 03:40:18 [INFO    ] (basehttp.log_message) "GET /static/admin/css/forms.css HTTP/1.1" 200 8878
2022-05-18 03:40:18 [INFO    ] (basehttp.log_message) "GET /static/admin/js/admin/DateTimeShortcuts.js HTTP/1.1" 200 19634
2022-05-18 03:40:18 [INFO    ] (basehttp.log_message) "GET /static/admin/js/admin/DateTimeShortcuts.js HTTP/1.1" 200 19634
2022-05-18 03:40:18 [INFO    ] (basehttp.log_message) "GET /static/admin/css/widgets.css HTTP/1.1" 200 11097
2022-05-18 03:40:18 [INFO    ] (basehttp.log_message) "GET /static/admin/css/widgets.css HTTP/1.1" 200 11097
2022-05-18 03:40:18 [INFO    ] (basehttp.log_message) "GET /static/admin/js/prepopulate_init.js HTTP/1.1" 200 492
2022-05-18 03:40:18 [INFO    ] (basehttp.log_message) "GET /static/admin/js/prepopulate_init.js HTTP/1.1" 200 492
2022-05-18 03:40:18 [INFO    ] (basehttp.log_message) "GET /static/admin/js/change_form.js HTTP/1.1" 200 606
2022-05-18 03:40:18 [INFO    ] (basehttp.log_message) "GET /static/admin/js/change_form.js HTTP/1.1" 200 606
2022-05-18 03:40:18 [INFO    ] (basehttp.log_message) "GET /static/admin/img/icon-calendar.svg HTTP/1.1" 200 1086
2022-05-18 03:40:18 [INFO    ] (basehttp.log_message) "GET /static/admin/img/icon-calendar.svg HTTP/1.1" 200 1086
2022-05-18 03:40:18 [INFO    ] (basehttp.log_message) "GET /static/admin/img/icon-clock.svg HTTP/1.1" 200 677
2022-05-18 03:40:18 [INFO    ] (basehttp.log_message) "GET /static/admin/img/icon-clock.svg HTTP/1.1" 200 677
2022-05-18 03:55:55 [INFO    ] (autoreload.trigger_reload) /Volumes/D/Django-project/supervision-office-django/app/backboard/views.py changed, reloading.
2022-05-18 03:55:55 [INFO    ] (autoreload.trigger_reload) /Volumes/D/Django-project/supervision-office-django/app/backboard/views.py changed, reloading.
2022-05-18 03:55:56 [INFO    ] (autoreload.run_with_reloader) Watching for file changes with StatReloader
2022-05-18 03:55:56 [INFO    ] (autoreload.run_with_reloader) Watching for file changes with StatReloader
2022-05-18 03:57:29 [ERROR   ] (log.log_response) Internal Server Error: /backboard/bills
Traceback (most recent call last):
  File "/Volumes/D/Django-project/supervision-office-django/venv/lib/python3.10/site-packages/django/core/handlers/exception.py", line 55, in inner
    response = get_response(request)
  File "/Volumes/D/Django-project/supervision-office-django/venv/lib/python3.10/site-packages/django/core/handlers/base.py", line 197, in _get_response
    response = wrapped_callback(request, *callback_args, **callback_kwargs)
  File "/Volumes/D/Django-project/supervision-office-django/app/backboard/views.py", line 20, in bills
    TotalMoney = orders.orderMoney.count()
AttributeError: 'QuerySet' object has no attribute 'orderMoney'
2022-05-18 03:57:29 [ERROR   ] (log.log_response) Internal Server Error: /backboard/bills
Traceback (most recent call last):
  File "/Volumes/D/Django-project/supervision-office-django/venv/lib/python3.10/site-packages/django/core/handlers/exception.py", line 55, in inner
    response = get_response(request)
  File "/Volumes/D/Django-project/supervision-office-django/venv/lib/python3.10/site-packages/django/core/handlers/base.py", line 197, in _get_response
    response = wrapped_callback(request, *callback_args, **callback_kwargs)
  File "/Volumes/D/Django-project/supervision-office-django/app/backboard/views.py", line 20, in bills
    TotalMoney = orders.orderMoney.count()
AttributeError: 'QuerySet' object has no attribute 'orderMoney'
2022-05-18 03:57:29 [ERROR   ] (basehttp.log_message) "GET /backboard/bills HTTP/1.1" 500 62279
2022-05-18 03:57:29 [ERROR   ] (basehttp.log_message) "GET /backboard/bills HTTP/1.1" 500 62279
2022-05-18 04:01:14 [INFO    ] (autoreload.trigger_reload) /Volumes/D/Django-project/supervision-office-django/app/backboard/views.py changed, reloading.
2022-05-18 04:01:14 [INFO    ] (autoreload.trigger_reload) /Volumes/D/Django-project/supervision-office-django/app/backboard/views.py changed, reloading.
2022-05-18 04:01:14 [INFO    ] (autoreload.run_with_reloader) Watching for file changes with StatReloader
2022-05-18 04:01:14 [INFO    ] (autoreload.run_with_reloader) Watching for file changes with StatReloader
2022-05-18 04:01:17 [INFO    ] (basehttp.log_message) "GET /static/backboard/assets/img/favicons/favicon.ico HTTP/1.1" 304 0
2022-05-18 04:01:17 [INFO    ] (basehttp.log_message) "GET /static/backboard/assets/img/favicons/favicon.ico HTTP/1.1" 304 0
2022-05-18 04:01:20 [ERROR   ] (log.log_response) Internal Server Error: /backboard/bills
Traceback (most recent call last):
  File "/Volumes/D/Django-project/supervision-office-django/venv/lib/python3.10/site-packages/django/core/handlers/exception.py", line 55, in inner
    response = get_response(request)
  File "/Volumes/D/Django-project/supervision-office-django/venv/lib/python3.10/site-packages/django/core/handlers/base.py", line 197, in _get_response
    response = wrapped_callback(request, *callback_args, **callback_kwargs)
  File "/Volumes/D/Django-project/supervision-office-django/app/backboard/views.py", line 23, in bills
    officeOrder1 =  orders.filter(SupervisionOffice=1)
  File "/Volumes/D/Django-project/supervision-office-django/venv/lib/python3.10/site-packages/django/db/models/query.py", line 1071, in filter
    return self._filter_or_exclude(False, args, kwargs)
  File "/Volumes/D/Django-project/supervision-office-django/venv/lib/python3.10/site-packages/django/db/models/query.py", line 1089, in _filter_or_exclude
    clone._filter_or_exclude_inplace(negate, args, kwargs)
  File "/Volumes/D/Django-project/supervision-office-django/venv/lib/python3.10/site-packages/django/db/models/query.py", line 1096, in _filter_or_exclude_inplace
    self._query.add_q(Q(*args, **kwargs))
  File "/Volumes/D/Django-project/supervision-office-django/venv/lib/python3.10/site-packages/django/db/models/sql/query.py", line 1502, in add_q
    clause, _ = self._add_q(q_object, self.used_aliases)
  File "/Volumes/D/Django-project/supervision-office-django/venv/lib/python3.10/site-packages/django/db/models/sql/query.py", line 1532, in _add_q
    child_clause, needed_inner = self.build_filter(
  File "/Volumes/D/Django-project/supervision-office-django/venv/lib/python3.10/site-packages/django/db/models/sql/query.py", line 1377, in build_filter
    lookups, parts, reffed_expression = self.solve_lookup_type(arg)
  File "/Volumes/D/Django-project/supervision-office-django/venv/lib/python3.10/site-packages/django/db/models/sql/query.py", line 1187, in solve_lookup_type
    _, field, _, lookup_parts = self.names_to_path(lookup_splitted, self.get_meta())
  File "/Volumes/D/Django-project/supervision-office-django/venv/lib/python3.10/site-packages/django/db/models/sql/query.py", line 1677, in names_to_path
    raise FieldError(
django.core.exceptions.FieldError: Cannot resolve keyword 'SupervisionOffice' into field. Choices are: ATMInfoBankCode, ATMInfoExpireDate, ATMInfovAccount, amount, cashflowState, createDate, id, isAtm, memo, orderMoney, payinfo, product, product_id, state, state_id, supervisionOffice, supervisionOffice_id, user, user_id
2022-05-18 04:01:20 [ERROR   ] (log.log_response) Internal Server Error: /backboard/bills
Traceback (most recent call last):
  File "/Volumes/D/Django-project/supervision-office-django/venv/lib/python3.10/site-packages/django/core/handlers/exception.py", line 55, in inner
    response = get_response(request)
  File "/Volumes/D/Django-project/supervision-office-django/venv/lib/python3.10/site-packages/django/core/handlers/base.py", line 197, in _get_response
    response = wrapped_callback(request, *callback_args, **callback_kwargs)
  File "/Volumes/D/Django-project/supervision-office-django/app/backboard/views.py", line 23, in bills
    officeOrder1 =  orders.filter(SupervisionOffice=1)
  File "/Volumes/D/Django-project/supervision-office-django/venv/lib/python3.10/site-packages/django/db/models/query.py", line 1071, in filter
    return self._filter_or_exclude(False, args, kwargs)
  File "/Volumes/D/Django-project/supervision-office-django/venv/lib/python3.10/site-packages/django/db/models/query.py", line 1089, in _filter_or_exclude
    clone._filter_or_exclude_inplace(negate, args, kwargs)
  File "/Volumes/D/Django-project/supervision-office-django/venv/lib/python3.10/site-packages/django/db/models/query.py", line 1096, in _filter_or_exclude_inplace
    self._query.add_q(Q(*args, **kwargs))
  File "/Volumes/D/Django-project/supervision-office-django/venv/lib/python3.10/site-packages/django/db/models/sql/query.py", line 1502, in add_q
    clause, _ = self._add_q(q_object, self.used_aliases)
  File "/Volumes/D/Django-project/supervision-office-django/venv/lib/python3.10/site-packages/django/db/models/sql/query.py", line 1532, in _add_q
    child_clause, needed_inner = self.build_filter(
  File "/Volumes/D/Django-project/supervision-office-django/venv/lib/python3.10/site-packages/django/db/models/sql/query.py", line 1377, in build_filter
    lookups, parts, reffed_expression = self.solve_lookup_type(arg)
  File "/Volumes/D/Django-project/supervision-office-django/venv/lib/python3.10/site-packages/django/db/models/sql/query.py", line 1187, in solve_lookup_type
    _, field, _, lookup_parts = self.names_to_path(lookup_splitted, self.get_meta())
  File "/Volumes/D/Django-project/supervision-office-django/venv/lib/python3.10/site-packages/django/db/models/sql/query.py", line 1677, in names_to_path
    raise FieldError(
django.core.exceptions.FieldError: Cannot resolve keyword 'SupervisionOffice' into field. Choices are: ATMInfoBankCode, ATMInfoExpireDate, ATMInfovAccount, amount, cashflowState, createDate, id, isAtm, memo, orderMoney, payinfo, product, product_id, state, state_id, supervisionOffice, supervisionOffice_id, user, user_id
2022-05-18 04:01:20 [ERROR   ] (basehttp.log_message) "GET /backboard/bills HTTP/1.1" 500 101962
2022-05-18 04:01:20 [ERROR   ] (basehttp.log_message) "GET /backboard/bills HTTP/1.1" 500 101962
2022-05-18 04:01:38 [ERROR   ] (log.log_response) Internal Server Error: /backboard/bills
Traceback (most recent call last):
  File "/Volumes/D/Django-project/supervision-office-django/venv/lib/python3.10/site-packages/django/core/handlers/exception.py", line 55, in inner
    response = get_response(request)
  File "/Volumes/D/Django-project/supervision-office-django/venv/lib/python3.10/site-packages/django/core/handlers/base.py", line 197, in _get_response
    response = wrapped_callback(request, *callback_args, **callback_kwargs)
  File "/Volumes/D/Django-project/supervision-office-django/app/backboard/views.py", line 23, in bills
    officeOrder1 =  orders.filter(SupervisionOffice=1)
  File "/Volumes/D/Django-project/supervision-office-django/venv/lib/python3.10/site-packages/django/db/models/query.py", line 1071, in filter
    return self._filter_or_exclude(False, args, kwargs)
  File "/Volumes/D/Django-project/supervision-office-django/venv/lib/python3.10/site-packages/django/db/models/query.py", line 1089, in _filter_or_exclude
    clone._filter_or_exclude_inplace(negate, args, kwargs)
  File "/Volumes/D/Django-project/supervision-office-django/venv/lib/python3.10/site-packages/django/db/models/query.py", line 1096, in _filter_or_exclude_inplace
    self._query.add_q(Q(*args, **kwargs))
  File "/Volumes/D/Django-project/supervision-office-django/venv/lib/python3.10/site-packages/django/db/models/sql/query.py", line 1502, in add_q
    clause, _ = self._add_q(q_object, self.used_aliases)
  File "/Volumes/D/Django-project/supervision-office-django/venv/lib/python3.10/site-packages/django/db/models/sql/query.py", line 1532, in _add_q
    child_clause, needed_inner = self.build_filter(
  File "/Volumes/D/Django-project/supervision-office-django/venv/lib/python3.10/site-packages/django/db/models/sql/query.py", line 1377, in build_filter
    lookups, parts, reffed_expression = self.solve_lookup_type(arg)
  File "/Volumes/D/Django-project/supervision-office-django/venv/lib/python3.10/site-packages/django/db/models/sql/query.py", line 1187, in solve_lookup_type
    _, field, _, lookup_parts = self.names_to_path(lookup_splitted, self.get_meta())
  File "/Volumes/D/Django-project/supervision-office-django/venv/lib/python3.10/site-packages/django/db/models/sql/query.py", line 1677, in names_to_path
    raise FieldError(
django.core.exceptions.FieldError: Cannot resolve keyword 'SupervisionOffice' into field. Choices are: ATMInfoBankCode, ATMInfoExpireDate, ATMInfovAccount, amount, cashflowState, createDate, id, isAtm, memo, orderMoney, payinfo, product, product_id, state, state_id, supervisionOffice, supervisionOffice_id, user, user_id
2022-05-18 04:01:38 [ERROR   ] (log.log_response) Internal Server Error: /backboard/bills
Traceback (most recent call last):
  File "/Volumes/D/Django-project/supervision-office-django/venv/lib/python3.10/site-packages/django/core/handlers/exception.py", line 55, in inner
    response = get_response(request)
  File "/Volumes/D/Django-project/supervision-office-django/venv/lib/python3.10/site-packages/django/core/handlers/base.py", line 197, in _get_response
    response = wrapped_callback(request, *callback_args, **callback_kwargs)
  File "/Volumes/D/Django-project/supervision-office-django/app/backboard/views.py", line 23, in bills
    officeOrder1 =  orders.filter(SupervisionOffice=1)
  File "/Volumes/D/Django-project/supervision-office-django/venv/lib/python3.10/site-packages/django/db/models/query.py", line 1071, in filter
    return self._filter_or_exclude(False, args, kwargs)
  File "/Volumes/D/Django-project/supervision-office-django/venv/lib/python3.10/site-packages/django/db/models/query.py", line 1089, in _filter_or_exclude
    clone._filter_or_exclude_inplace(negate, args, kwargs)
  File "/Volumes/D/Django-project/supervision-office-django/venv/lib/python3.10/site-packages/django/db/models/query.py", line 1096, in _filter_or_exclude_inplace
    self._query.add_q(Q(*args, **kwargs))
  File "/Volumes/D/Django-project/supervision-office-django/venv/lib/python3.10/site-packages/django/db/models/sql/query.py", line 1502, in add_q
    clause, _ = self._add_q(q_object, self.used_aliases)
  File "/Volumes/D/Django-project/supervision-office-django/venv/lib/python3.10/site-packages/django/db/models/sql/query.py", line 1532, in _add_q
    child_clause, needed_inner = self.build_filter(
  File "/Volumes/D/Django-project/supervision-office-django/venv/lib/python3.10/site-packages/django/db/models/sql/query.py", line 1377, in build_filter
    lookups, parts, reffed_expression = self.solve_lookup_type(arg)
  File "/Volumes/D/Django-project/supervision-office-django/venv/lib/python3.10/site-packages/django/db/models/sql/query.py", line 1187, in solve_lookup_type
    _, field, _, lookup_parts = self.names_to_path(lookup_splitted, self.get_meta())
  File "/Volumes/D/Django-project/supervision-office-django/venv/lib/python3.10/site-packages/django/db/models/sql/query.py", line 1677, in names_to_path
    raise FieldError(
django.core.exceptions.FieldError: Cannot resolve keyword 'SupervisionOffice' into field. Choices are: ATMInfoBankCode, ATMInfoExpireDate, ATMInfovAccount, amount, cashflowState, createDate, id, isAtm, memo, orderMoney, payinfo, product, product_id, state, state_id, supervisionOffice, supervisionOffice_id, user, user_id
2022-05-18 04:01:38 [ERROR   ] (basehttp.log_message) "GET /backboard/bills HTTP/1.1" 500 101962
2022-05-18 04:01:38 [ERROR   ] (basehttp.log_message) "GET /backboard/bills HTTP/1.1" 500 101962
2022-05-18 04:04:42 [INFO    ] (autoreload.trigger_reload) /Volumes/D/Django-project/supervision-office-django/app/backboard/views.py changed, reloading.
2022-05-18 04:04:42 [INFO    ] (autoreload.trigger_reload) /Volumes/D/Django-project/supervision-office-django/app/backboard/views.py changed, reloading.
2022-05-18 04:04:42 [INFO    ] (autoreload.run_with_reloader) Watching for file changes with StatReloader
2022-05-18 04:04:42 [INFO    ] (autoreload.run_with_reloader) Watching for file changes with StatReloader
2022-05-18 04:04:55 [ERROR   ] (log.log_response) Internal Server Error: /backboard/bills
Traceback (most recent call last):
  File "/Volumes/D/Django-project/supervision-office-django/venv/lib/python3.10/site-packages/django/core/handlers/exception.py", line 55, in inner
    response = get_response(request)
  File "/Volumes/D/Django-project/supervision-office-django/venv/lib/python3.10/site-packages/django/core/handlers/base.py", line 197, in _get_response
    response = wrapped_callback(request, *callback_args, **callback_kwargs)
  File "/Volumes/D/Django-project/supervision-office-django/app/backboard/views.py", line 25, in bills
    officeTotalMoney1 = officeOrder1.orderMoney.count()
AttributeError: 'QuerySet' object has no attribute 'orderMoney'
2022-05-18 04:04:55 [ERROR   ] (log.log_response) Internal Server Error: /backboard/bills
Traceback (most recent call last):
  File "/Volumes/D/Django-project/supervision-office-django/venv/lib/python3.10/site-packages/django/core/handlers/exception.py", line 55, in inner
    response = get_response(request)
  File "/Volumes/D/Django-project/supervision-office-django/venv/lib/python3.10/site-packages/django/core/handlers/base.py", line 197, in _get_response
    response = wrapped_callback(request, *callback_args, **callback_kwargs)
  File "/Volumes/D/Django-project/supervision-office-django/app/backboard/views.py", line 25, in bills
    officeTotalMoney1 = officeOrder1.orderMoney.count()
AttributeError: 'QuerySet' object has no attribute 'orderMoney'
2022-05-18 04:04:55 [ERROR   ] (basehttp.log_message) "GET /backboard/bills HTTP/1.1" 500 62972
2022-05-18 04:04:55 [ERROR   ] (basehttp.log_message) "GET /backboard/bills HTTP/1.1" 500 62972
2022-05-18 04:07:21 [INFO    ] (autoreload.trigger_reload) /Volumes/D/Django-project/supervision-office-django/app/backboard/views.py changed, reloading.
2022-05-18 04:07:21 [INFO    ] (autoreload.trigger_reload) /Volumes/D/Django-project/supervision-office-django/app/backboard/views.py changed, reloading.
2022-05-18 04:07:21 [INFO    ] (autoreload.run_with_reloader) Watching for file changes with StatReloader
2022-05-18 04:07:21 [INFO    ] (autoreload.run_with_reloader) Watching for file changes with StatReloader
2022-05-18 04:07:24 [ERROR   ] (log.log_response) Internal Server Error: /backboard/bills
Traceback (most recent call last):
  File "/Volumes/D/Django-project/supervision-office-django/venv/lib/python3.10/site-packages/django/core/handlers/exception.py", line 55, in inner
    response = get_response(request)
  File "/Volumes/D/Django-project/supervision-office-django/venv/lib/python3.10/site-packages/django/core/handlers/base.py", line 197, in _get_response
    response = wrapped_callback(request, *callback_args, **callback_kwargs)
  File "/Volumes/D/Django-project/supervision-office-django/app/backboard/views.py", line 24, in bills
    officeTotalorder1 = officeOrder1.count()
UnboundLocalError: local variable 'officeOrder1' referenced before assignment
2022-05-18 04:07:24 [ERROR   ] (log.log_response) Internal Server Error: /backboard/bills
Traceback (most recent call last):
  File "/Volumes/D/Django-project/supervision-office-django/venv/lib/python3.10/site-packages/django/core/handlers/exception.py", line 55, in inner
    response = get_response(request)
  File "/Volumes/D/Django-project/supervision-office-django/venv/lib/python3.10/site-packages/django/core/handlers/base.py", line 197, in _get_response
    response = wrapped_callback(request, *callback_args, **callback_kwargs)
  File "/Volumes/D/Django-project/supervision-office-django/app/backboard/views.py", line 24, in bills
    officeTotalorder1 = officeOrder1.count()
UnboundLocalError: local variable 'officeOrder1' referenced before assignment
2022-05-18 04:07:24 [ERROR   ] (basehttp.log_message) "GET /backboard/bills HTTP/1.1" 500 62716
2022-05-18 04:07:24 [ERROR   ] (basehttp.log_message) "GET /backboard/bills HTTP/1.1" 500 62716
2022-05-18 04:08:11 [INFO    ] (autoreload.trigger_reload) /Volumes/D/Django-project/supervision-office-django/app/backboard/views.py changed, reloading.
2022-05-18 04:08:11 [INFO    ] (autoreload.trigger_reload) /Volumes/D/Django-project/supervision-office-django/app/backboard/views.py changed, reloading.
2022-05-18 04:08:11 [INFO    ] (autoreload.run_with_reloader) Watching for file changes with StatReloader
2022-05-18 04:08:11 [INFO    ] (autoreload.run_with_reloader) Watching for file changes with StatReloader
2022-05-18 04:08:15 [INFO    ] (autoreload.trigger_reload) /Volumes/D/Django-project/supervision-office-django/app/backboard/views.py changed, reloading.
2022-05-18 04:08:15 [INFO    ] (autoreload.trigger_reload) /Volumes/D/Django-project/supervision-office-django/app/backboard/views.py changed, reloading.
2022-05-18 04:08:15 [INFO    ] (autoreload.run_with_reloader) Watching for file changes with StatReloader
2022-05-18 04:08:15 [INFO    ] (autoreload.run_with_reloader) Watching for file changes with StatReloader
2022-05-18 04:08:18 [INFO    ] (basehttp.log_message) "GET /backboard/bills HTTP/1.1" 200 12380
2022-05-18 04:08:18 [INFO    ] (basehttp.log_message) "GET /backboard/bills HTTP/1.1" 200 12380
2022-05-18 04:13:00 [INFO    ] (autoreload.trigger_reload) /Volumes/D/Django-project/supervision-office-django/app/backboard/views.py changed, reloading.
2022-05-18 04:13:00 [INFO    ] (autoreload.trigger_reload) /Volumes/D/Django-project/supervision-office-django/app/backboard/views.py changed, reloading.
2022-05-18 04:13:01 [INFO    ] (autoreload.run_with_reloader) Watching for file changes with StatReloader
2022-05-18 04:13:01 [INFO    ] (autoreload.run_with_reloader) Watching for file changes with StatReloader
2022-05-18 04:20:06 [INFO    ] (basehttp.log_message) "GET /backboard/bills HTTP/1.1" 200 12147
2022-05-18 04:20:06 [INFO    ] (basehttp.log_message) "GET /backboard/bills HTTP/1.1" 200 12147
2022-05-18 04:20:17 [INFO    ] (basehttp.log_message) "GET /admin/modelCore/user/ HTTP/1.1" 200 10301
2022-05-18 04:20:17 [INFO    ] (basehttp.log_message) "GET /admin/modelCore/user/ HTTP/1.1" 200 10301
2022-05-18 04:20:17 [INFO    ] (basehttp.log_message) "GET /static/admin/css/base.css HTTP/1.1" 304 0
2022-05-18 04:20:17 [INFO    ] (basehttp.log_message) "GET /static/admin/css/base.css HTTP/1.1" 304 0
2022-05-18 04:20:17 [INFO    ] (basehttp.log_message) "GET /static/admin/css/changelists.css HTTP/1.1" 304 0
2022-05-18 04:20:17 [INFO    ] (basehttp.log_message) "GET /static/admin/css/changelists.css HTTP/1.1" 304 0
2022-05-18 04:20:17 [INFO    ] (basehttp.log_message) "GET /static/admin/css/nav_sidebar.css HTTP/1.1" 304 0
2022-05-18 04:20:17 [INFO    ] (basehttp.log_message) "GET /static/admin/css/nav_sidebar.css HTTP/1.1" 304 0
2022-05-18 04:20:17 [INFO    ] (basehttp.log_message) "GET /static/admin/css/responsive.css HTTP/1.1" 304 0
2022-05-18 04:20:17 [INFO    ] (basehttp.log_message) "GET /static/admin/css/responsive.css HTTP/1.1" 304 0
2022-05-18 04:20:17 [INFO    ] (basehttp.log_message) "GET /static/admin/js/jquery.init.js HTTP/1.1" 304 0
2022-05-18 04:20:17 [INFO    ] (basehttp.log_message) "GET /static/admin/js/jquery.init.js HTTP/1.1" 304 0
2022-05-18 04:20:17 [INFO    ] (basehttp.log_message) "GET /admin/jsi18n/ HTTP/1.1" 200 3343
2022-05-18 04:20:17 [INFO    ] (basehttp.log_message) "GET /admin/jsi18n/ HTTP/1.1" 200 3343
2022-05-18 04:20:17 [INFO    ] (basehttp.log_message) "GET /static/admin/js/vendor/jquery/jquery.js HTTP/1.1" 304 0
2022-05-18 04:20:17 [INFO    ] (basehttp.log_message) "GET /static/admin/js/vendor/jquery/jquery.js HTTP/1.1" 304 0
2022-05-18 04:20:17 [INFO    ] (basehttp.log_message) "GET /static/admin/js/core.js HTTP/1.1" 304 0
2022-05-18 04:20:17 [INFO    ] (basehttp.log_message) "GET /static/admin/css/fonts.css HTTP/1.1" 304 0
2022-05-18 04:20:17 [INFO    ] (basehttp.log_message) "GET /static/admin/js/admin/RelatedObjectLookups.js HTTP/1.1" 304 0
2022-05-18 04:20:17 [INFO    ] (basehttp.log_message) "GET /static/admin/js/admin/RelatedObjectLookups.js HTTP/1.1" 304 0
2022-05-18 04:20:17 [INFO    ] (basehttp.log_message) "GET /static/admin/js/core.js HTTP/1.1" 304 0
2022-05-18 04:20:17 [INFO    ] (basehttp.log_message) "GET /static/admin/css/fonts.css HTTP/1.1" 304 0
2022-05-18 04:20:17 [INFO    ] (basehttp.log_message) "GET /static/admin/js/urlify.js HTTP/1.1" 304 0
2022-05-18 04:20:17 [INFO    ] (basehttp.log_message) "GET /static/admin/js/urlify.js HTTP/1.1" 304 0
2022-05-18 04:20:17 [INFO    ] (basehttp.log_message) "GET /static/admin/js/actions.js HTTP/1.1" 304 0
2022-05-18 04:20:17 [INFO    ] (basehttp.log_message) "GET /static/admin/js/actions.js HTTP/1.1" 304 0
2022-05-18 04:20:17 [INFO    ] (basehttp.log_message) "GET /static/admin/js/prepopulate.js HTTP/1.1" 304 0
2022-05-18 04:20:17 [INFO    ] (basehttp.log_message) "GET /static/admin/js/prepopulate.js HTTP/1.1" 304 0
2022-05-18 04:20:17 [INFO    ] (basehttp.log_message) "GET /static/admin/js/vendor/xregexp/xregexp.js HTTP/1.1" 304 0
2022-05-18 04:20:17 [INFO    ] (basehttp.log_message) "GET /static/admin/js/vendor/xregexp/xregexp.js HTTP/1.1" 304 0
2022-05-18 04:20:17 [INFO    ] (basehttp.log_message) "GET /static/admin/js/nav_sidebar.js HTTP/1.1" 304 0
2022-05-18 04:20:17 [INFO    ] (basehttp.log_message) "GET /static/admin/js/nav_sidebar.js HTTP/1.1" 304 0
2022-05-18 04:20:17 [INFO    ] (basehttp.log_message) "GET /static/admin/img/icon-addlink.svg HTTP/1.1" 304 0
2022-05-18 04:20:17 [INFO    ] (basehttp.log_message) "GET /static/admin/img/icon-addlink.svg HTTP/1.1" 304 0
2022-05-18 04:20:17 [INFO    ] (basehttp.log_message) "GET /static/admin/fonts/Roboto-Light-webfont.woff HTTP/1.1" 304 0
2022-05-18 04:20:17 [INFO    ] (basehttp.log_message) "GET /static/admin/fonts/Roboto-Light-webfont.woff HTTP/1.1" 304 0
2022-05-18 04:20:17 [INFO    ] (basehttp.log_message) "GET /static/admin/fonts/Roboto-Bold-webfont.woff HTTP/1.1" 304 0
2022-05-18 04:20:17 [INFO    ] (basehttp.log_message) "GET /static/admin/fonts/Roboto-Bold-webfont.woff HTTP/1.1" 304 0
2022-05-18 04:20:17 [INFO    ] (basehttp.log_message) "GET /static/admin/fonts/Roboto-Regular-webfont.woff HTTP/1.1" 304 0
2022-05-18 04:20:17 [INFO    ] (basehttp.log_message) "GET /static/admin/fonts/Roboto-Regular-webfont.woff HTTP/1.1" 304 0
2022-05-18 04:20:17 [INFO    ] (basehttp.log_message) "GET /static/admin/img/tooltag-add.svg HTTP/1.1" 304 0
2022-05-18 04:20:17 [INFO    ] (basehttp.log_message) "GET /static/admin/img/tooltag-add.svg HTTP/1.1" 304 0
2022-05-18 04:20:20 [INFO    ] (basehttp.log_message) "GET /admin/modelCore/user/add/ HTTP/1.1" 200 19768
2022-05-18 04:20:20 [INFO    ] (basehttp.log_message) "GET /admin/modelCore/user/add/ HTTP/1.1" 200 19768
2022-05-18 04:20:21 [INFO    ] (basehttp.log_message) "GET /admin/jsi18n/ HTTP/1.1" 200 3343
2022-05-18 04:20:21 [INFO    ] (basehttp.log_message) "GET /admin/jsi18n/ HTTP/1.1" 200 3343
2022-05-18 04:21:51 [INFO    ] (basehttp.log_message) "POST /admin/modelCore/user/add/ HTTP/1.1" 302 0
2022-05-18 04:21:51 [INFO    ] (basehttp.log_message) "POST /admin/modelCore/user/add/ HTTP/1.1" 302 0
2022-05-18 04:21:51 [INFO    ] (basehttp.log_message) "GET /admin/modelCore/user/ HTTP/1.1" 200 10775
2022-05-18 04:21:51 [INFO    ] (basehttp.log_message) "GET /admin/modelCore/user/ HTTP/1.1" 200 10775
2022-05-18 04:21:51 [INFO    ] (basehttp.log_message) "GET /admin/jsi18n/ HTTP/1.1" 200 3343
2022-05-18 04:21:51 [INFO    ] (basehttp.log_message) "GET /admin/jsi18n/ HTTP/1.1" 200 3343
2022-05-18 04:21:51 [INFO    ] (basehttp.log_message) "GET /static/admin/img/icon-yes.svg HTTP/1.1" 304 0
2022-05-18 04:21:51 [INFO    ] (basehttp.log_message) "GET /static/admin/img/icon-yes.svg HTTP/1.1" 304 0
2022-05-18 04:22:01 [INFO    ] (basehttp.log_message) "GET /admin/modelCore/productsupervisionofficeship/ HTTP/1.1" 200 11746
2022-05-18 04:22:01 [INFO    ] (basehttp.log_message) "GET /admin/modelCore/productsupervisionofficeship/ HTTP/1.1" 200 11746
2022-05-18 04:22:01 [INFO    ] (basehttp.log_message) "GET /admin/jsi18n/ HTTP/1.1" 200 3343
2022-05-18 04:22:01 [INFO    ] (basehttp.log_message) "GET /admin/jsi18n/ HTTP/1.1" 200 3343
2022-05-18 04:22:07 [INFO    ] (basehttp.log_message) "GET /admin/modelCore/order/ HTTP/1.1" 200 11494
2022-05-18 04:22:07 [INFO    ] (basehttp.log_message) "GET /admin/modelCore/order/ HTTP/1.1" 200 11494
2022-05-18 04:22:07 [INFO    ] (basehttp.log_message) "GET /admin/jsi18n/ HTTP/1.1" 200 3343
2022-05-18 04:22:07 [INFO    ] (basehttp.log_message) "GET /admin/jsi18n/ HTTP/1.1" 200 3343
2022-05-18 04:22:09 [INFO    ] (basehttp.log_message) "GET /admin/modelCore/order/add/ HTTP/1.1" 200 19591
2022-05-18 04:22:09 [INFO    ] (basehttp.log_message) "GET /admin/modelCore/order/add/ HTTP/1.1" 200 19591
2022-05-18 04:22:09 [INFO    ] (basehttp.log_message) "GET /admin/jsi18n/ HTTP/1.1" 200 3343
2022-05-18 04:22:09 [INFO    ] (basehttp.log_message) "GET /admin/jsi18n/ HTTP/1.1" 200 3343
2022-05-18 04:22:43 [INFO    ] (basehttp.log_message) "GET /backboard/products HTTP/1.1" 200 24250
2022-05-18 04:22:43 [INFO    ] (basehttp.log_message) "GET /backboard/products HTTP/1.1" 200 24250
2022-05-18 04:22:43 [INFO    ] (basehttp.log_message) "GET /media/images/2075d6e2-d5e2-11ec-b6f7-767e3dc7197c.jpeg HTTP/1.1" 304 0
2022-05-18 04:22:43 [INFO    ] (basehttp.log_message) "GET /media/images/2075d6e2-d5e2-11ec-b6f7-767e3dc7197c.jpeg HTTP/1.1" 304 0
2022-05-18 04:22:43 [INFO    ] (basehttp.log_message) "GET /media/images/602905a0-d5ee-11ec-a5e9-767e3dc7197c.jpeg HTTP/1.1" 304 0
2022-05-18 04:22:43 [INFO    ] (basehttp.log_message) "GET /media/images/602905a0-d5ee-11ec-a5e9-767e3dc7197c.jpeg HTTP/1.1" 304 0
2022-05-18 04:22:43 [INFO    ] (basehttp.log_message) "GET /media/images/69c16ce2-d5ee-11ec-a5e9-767e3dc7197c.jpeg HTTP/1.1" 304 0
2022-05-18 04:22:43 [INFO    ] (basehttp.log_message) "GET /media/images/69c16ce2-d5ee-11ec-a5e9-767e3dc7197c.jpeg HTTP/1.1" 304 0
2022-05-18 04:22:43 [INFO    ] (basehttp.log_message) "GET /media/images/6dc9446e-d5de-11ec-bc8a-767e3dc7197c.jpeg HTTP/1.1" 304 0
2022-05-18 04:22:43 [INFO    ] (basehttp.log_message) "GET /media/images/6dc9446e-d5de-11ec-bc8a-767e3dc7197c.jpeg HTTP/1.1" 304 0
2022-05-18 04:23:33 [INFO    ] (basehttp.log_message) "POST /admin/modelCore/order/add/ HTTP/1.1" 302 0
2022-05-18 04:23:33 [INFO    ] (basehttp.log_message) "POST /admin/modelCore/order/add/ HTTP/1.1" 302 0
2022-05-18 04:23:33 [INFO    ] (basehttp.log_message) "GET /admin/modelCore/order/ HTTP/1.1" 200 12155
2022-05-18 04:23:33 [INFO    ] (basehttp.log_message) "GET /admin/modelCore/order/ HTTP/1.1" 200 12155
2022-05-18 04:23:33 [INFO    ] (basehttp.log_message) "GET /admin/jsi18n/ HTTP/1.1" 200 3343
2022-05-18 04:23:33 [INFO    ] (basehttp.log_message) "GET /admin/jsi18n/ HTTP/1.1" 200 3343
2022-05-18 04:23:49 [INFO    ] (basehttp.log_message) "GET /admin/modelCore/order/4/change/ HTTP/1.1" 200 19898
2022-05-18 04:23:49 [INFO    ] (basehttp.log_message) "GET /admin/modelCore/order/4/change/ HTTP/1.1" 200 19898
2022-05-18 04:23:49 [INFO    ] (basehttp.log_message) "GET /admin/jsi18n/ HTTP/1.1" 200 3343
2022-05-18 04:23:49 [INFO    ] (basehttp.log_message) "GET /admin/jsi18n/ HTTP/1.1" 200 3343
2022-05-18 04:24:25 [INFO    ] (basehttp.log_message) "POST /admin/modelCore/order/4/change/ HTTP/1.1" 302 0
2022-05-18 04:24:25 [INFO    ] (basehttp.log_message) "POST /admin/modelCore/order/4/change/ HTTP/1.1" 302 0
2022-05-18 04:24:25 [INFO    ] (basehttp.log_message) "GET /admin/modelCore/order/ HTTP/1.1" 200 12160
2022-05-18 04:24:25 [INFO    ] (basehttp.log_message) "GET /admin/modelCore/order/ HTTP/1.1" 200 12160
2022-05-18 04:24:25 [INFO    ] (basehttp.log_message) "GET /admin/jsi18n/ HTTP/1.1" 200 3343
2022-05-18 04:24:25 [INFO    ] (basehttp.log_message) "GET /admin/jsi18n/ HTTP/1.1" 200 3343
2022-05-18 04:24:29 [INFO    ] (basehttp.log_message) "GET /backboard/bills HTTP/1.1" 200 12148
2022-05-18 04:24:29 [INFO    ] (basehttp.log_message) "GET /backboard/bills HTTP/1.1" 200 12148
2022-05-18 05:43:21 [INFO    ] (autoreload.run_with_reloader) Watching for file changes with StatReloader
2022-05-18 05:43:21 [INFO    ] (autoreload.run_with_reloader) Watching for file changes with StatReloader
2022-05-18 05:48:04 [INFO    ] (basehttp.log_message) "GET /admin/modelCore/order/ HTTP/1.1" 200 11949
2022-05-18 05:48:04 [INFO    ] (basehttp.log_message) "GET /admin/modelCore/order/ HTTP/1.1" 200 11949
2022-05-18 05:48:04 [INFO    ] (basehttp.log_message) "GET /admin/jsi18n/ HTTP/1.1" 200 3343
2022-05-18 05:48:04 [INFO    ] (basehttp.log_message) "GET /admin/jsi18n/ HTTP/1.1" 200 3343
